0 info it worked if it ends with ok
1 verbose cli [ '/home/codio/.nvm/v0.10.33/bin/node',
1 verbose cli   '/home/codio/.nvm/v0.10.33/bin/npm',
1 verbose cli   'install',
1 verbose cli   'reac-mini-router',
1 verbose cli   '--save' ]
2 info using npm@1.4.28
3 info using node@v0.10.33
4 verbose readDependencies using package.json deps
5 verbose cache add [ 'reac-mini-router', null ]
6 verbose cache add name=undefined spec="reac-mini-router" args=["reac-mini-router",null]
7 verbose parsed url { protocol: null,
7 verbose parsed url   slashes: null,
7 verbose parsed url   auth: null,
7 verbose parsed url   host: null,
7 verbose parsed url   port: null,
7 verbose parsed url   hostname: null,
7 verbose parsed url   hash: null,
7 verbose parsed url   search: null,
7 verbose parsed url   query: null,
7 verbose parsed url   pathname: 'reac-mini-router',
7 verbose parsed url   path: 'reac-mini-router',
7 verbose parsed url   href: 'reac-mini-router' }
8 silly lockFile 2eb069ff-reac-mini-router reac-mini-router
9 verbose lock reac-mini-router /home/codio/.npm/2eb069ff-reac-mini-router.lock
10 silly lockFile 2eb069ff-reac-mini-router reac-mini-router
11 silly lockFile 2eb069ff-reac-mini-router reac-mini-router
12 verbose addNamed [ 'reac-mini-router', '' ]
13 verbose addNamed [ null, '*' ]
14 silly lockFile 64df45ae-reac-mini-router reac-mini-router@
15 verbose lock reac-mini-router@ /home/codio/.npm/64df45ae-reac-mini-router.lock
16 silly addNameRange { name: 'reac-mini-router', range: '*', hasData: false }
17 verbose request where is /reac-mini-router
18 verbose request registry https://registry.npmjs.org/
19 verbose request id 83af7ef125ef66b0
20 verbose url raw /reac-mini-router
21 verbose url resolving [ 'https://registry.npmjs.org/', './reac-mini-router' ]
22 verbose url resolved https://registry.npmjs.org/reac-mini-router
23 verbose request where is https://registry.npmjs.org/reac-mini-router
24 info trying registry request attempt 1 at 12:55:29
25 http GET https://registry.npmjs.org/reac-mini-router
26 http 404 https://registry.npmjs.org/reac-mini-router
27 verbose headers { date: 'Tue, 28 Apr 2015 12:55:29 GMT',
27 verbose headers   server: 'CouchDB/1.5.0 (Erlang OTP/R16B03)',
27 verbose headers   'content-type': 'application/json',
27 verbose headers   'cache-control': 'max-age=0',
27 verbose headers   'content-length': '51',
27 verbose headers   'accept-ranges': 'bytes',
27 verbose headers   via: '1.1 varnish',
27 verbose headers   age: '0',
27 verbose headers   'x-served-by': 'cache-iad2147-IAD',
27 verbose headers   'x-cache': 'MISS',
27 verbose headers   'x-cache-hits': '0',
27 verbose headers   'x-timer': 'S1430225729.384356,VS0,VE90',
27 verbose headers   'keep-alive': 'timeout=10, max=50',
27 verbose headers   connection: 'Keep-Alive' }
28 silly registry.get cb [ 404,
28 silly registry.get   { date: 'Tue, 28 Apr 2015 12:55:29 GMT',
28 silly registry.get     server: 'CouchDB/1.5.0 (Erlang OTP/R16B03)',
28 silly registry.get     'content-type': 'application/json',
28 silly registry.get     'cache-control': 'max-age=0',
28 silly registry.get     'content-length': '51',
28 silly registry.get     'accept-ranges': 'bytes',
28 silly registry.get     via: '1.1 varnish',
28 silly registry.get     age: '0',
28 silly registry.get     'x-served-by': 'cache-iad2147-IAD',
28 silly registry.get     'x-cache': 'MISS',
28 silly registry.get     'x-cache-hits': '0',
28 silly registry.get     'x-timer': 'S1430225729.384356,VS0,VE90',
28 silly registry.get     'keep-alive': 'timeout=10, max=50',
28 silly registry.get     connection: 'Keep-Alive' } ]
29 silly lockFile 64df45ae-reac-mini-router reac-mini-router@
30 silly lockFile 64df45ae-reac-mini-router reac-mini-router@
31 error 404 404 Not Found: reac-mini-router
31 error 404
31 error 404 'reac-mini-router' is not in the npm registry.
31 error 404 You should bug the author to publish it
31 error 404 It was specified as a dependency of 'react-bootstrap-starter'
31 error 404
31 error 404 Note that you can also install from a
31 error 404 tarball, folder, or http url, or git url.
32 error System Linux 3.16.0-34-generic
33 error command "/home/codio/.nvm/v0.10.33/bin/node" "/home/codio/.nvm/v0.10.33/bin/npm" "install" "reac-mini-router" "--save"
34 error cwd /home/codio/workspace/search-github
35 error node -v v0.10.33
36 error npm -v 1.4.28
37 error code E404
38 verbose exit [ 1, true ]
